[13-Jun-2019 14:07:46 Europe/Berlin] PHP Warning:  require_once(/var/www/html/ViKoLe_v1/utils/utilAutoload.php): failed to open stream: No such file or directory in /var/www/html/ViKoLe_v1/utils/utilBase.php on line 13
[13-Jun-2019 14:07:46 Europe/Berlin] PHP Stack trace:
[13-Jun-2019 14:07:46 Europe/Berlin] PHP   1. {main}() /var/www/html/ViKoLe_v1/Frontend_Student/Videoanalyse.php:0
[13-Jun-2019 14:07:46 Europe/Berlin] PHP   2. require_once() /var/www/html/ViKoLe_v1/Frontend_Student/Videoanalyse.php:18
[13-Jun-2019 14:07:46 Europe/Berlin] PHP Fatal error:  require_once(): Failed opening required '/var/www/html/ViKoLe_v1/utils/utilAutoload.php' (include_path='.:/usr/share/php') in /var/www/html/ViKoLe_v1/utils/utilBase.php on line 13
[13-Jun-2019 14:07:46 Europe/Berlin] PHP Stack trace:
[13-Jun-2019 14:07:46 Europe/Berlin] PHP   1. {main}() /var/www/html/ViKoLe_v1/Frontend_Student/Videoanalyse.php:0
[13-Jun-2019 14:07:46 Europe/Berlin] PHP   2. require_once() /var/www/html/ViKoLe_v1/Frontend_Student/Videoanalyse.php:18
[13-Jun-2019 14:11:04 Europe/Berlin] PHP Warning:  require_once(/var/www/html/ViKoLe_v1/utils/constants.php): failed to open stream: No such file or directory in /var/www/html/ViKoLe_v1/utils/utilBase.php on line 14
[13-Jun-2019 14:11:04 Europe/Berlin] PHP Stack trace:
[13-Jun-2019 14:11:04 Europe/Berlin] PHP   1. {main}() /var/www/html/ViKoLe_v1/Frontend_Student/Videoanalyse.php:0
[13-Jun-2019 14:11:04 Europe/Berlin] PHP   2. require_once() /var/www/html/ViKoLe_v1/Frontend_Student/Videoanalyse.php:18
[13-Jun-2019 14:11:04 Europe/Berlin] PHP Fatal error:  require_once(): Failed opening required '/var/www/html/ViKoLe_v1/utils/constants.php' (include_path='.:/usr/share/php') in /var/www/html/ViKoLe_v1/utils/utilBase.php on line 14
[13-Jun-2019 14:11:04 Europe/Berlin] PHP Stack trace:
[13-Jun-2019 14:11:04 Europe/Berlin] PHP   1. {main}() /var/www/html/ViKoLe_v1/Frontend_Student/Videoanalyse.php:0
[13-Jun-2019 14:11:04 Europe/Berlin] PHP   2. require_once() /var/www/html/ViKoLe_v1/Frontend_Student/Videoanalyse.php:18
[13-Jun-2019 14:11:06 Europe/Berlin] PHP Warning:  require_once(/var/www/html/ViKoLe_v1/utils/constants.php): failed to open stream: No such file or directory in /var/www/html/ViKoLe_v1/utils/utilBase.php on line 14
[13-Jun-2019 14:11:06 Europe/Berlin] PHP Stack trace:
[13-Jun-2019 14:11:06 Europe/Berlin] PHP   1. {main}() /var/www/html/ViKoLe_v1/Frontend_Student/Videoanalyse.php:0
[13-Jun-2019 14:11:06 Europe/Berlin] PHP   2. require_once() /var/www/html/ViKoLe_v1/Frontend_Student/Videoanalyse.php:18
[13-Jun-2019 14:11:06 Europe/Berlin] PHP Fatal error:  require_once(): Failed opening required '/var/www/html/ViKoLe_v1/utils/constants.php' (include_path='.:/usr/share/php') in /var/www/html/ViKoLe_v1/utils/utilBase.php on line 14
[13-Jun-2019 14:11:06 Europe/Berlin] PHP Stack trace:
[13-Jun-2019 14:11:06 Europe/Berlin] PHP   1. {main}() /var/www/html/ViKoLe_v1/Frontend_Student/Videoanalyse.php:0
[13-Jun-2019 14:11:06 Europe/Berlin] PHP   2. require_once() /var/www/html/ViKoLe_v1/Frontend_Student/Videoanalyse.php:18
[13-Jun-2019 14:15:16 Europe/Berlin] PHP Warning:  require_once(/var/www/html/ViKoLe_v1/utils/constants.php): failed to open stream: No such file or directory in /var/www/html/ViKoLe_v1/utils/utilBase.php on line 14
[13-Jun-2019 14:15:16 Europe/Berlin] PHP Stack trace:
[13-Jun-2019 14:15:16 Europe/Berlin] PHP   1. {main}() /var/www/html/ViKoLe_v1/Frontend_Student/Videoanalyse.php:0
[13-Jun-2019 14:15:16 Europe/Berlin] PHP   2. require_once() /var/www/html/ViKoLe_v1/Frontend_Student/Videoanalyse.php:18
[13-Jun-2019 14:15:16 Europe/Berlin] PHP Fatal error:  require_once(): Failed opening required '/var/www/html/ViKoLe_v1/utils/constants.php' (include_path='.:/usr/share/php') in /var/www/html/ViKoLe_v1/utils/utilBase.php on line 14
[13-Jun-2019 14:15:16 Europe/Berlin] PHP Stack trace:
[13-Jun-2019 14:15:16 Europe/Berlin] PHP   1. {main}() /var/www/html/ViKoLe_v1/Frontend_Student/Videoanalyse.php:0
[13-Jun-2019 14:15:16 Europe/Berlin] PHP   2. require_once() /var/www/html/ViKoLe_v1/Frontend_Student/Videoanalyse.php:18
[13-Jun-2019 14:15:22 Europe/Berlin] PHP Warning:  require_once(/var/www/html/ViKoLe_v1/utils/constants.php): failed to open stream: No such file or directory in /var/www/html/ViKoLe_v1/utils/utilBase.php on line 14
[13-Jun-2019 14:15:22 Europe/Berlin] PHP Stack trace:
[13-Jun-2019 14:15:22 Europe/Berlin] PHP   1. {main}() /var/www/html/ViKoLe_v1/Frontend_Student/Videoanalyse.php:0
[13-Jun-2019 14:15:22 Europe/Berlin] PHP   2. require_once() /var/www/html/ViKoLe_v1/Frontend_Student/Videoanalyse.php:18
[13-Jun-2019 14:15:22 Europe/Berlin] PHP Fatal error:  require_once(): Failed opening required '/var/www/html/ViKoLe_v1/utils/constants.php' (include_path='.:/usr/share/php') in /var/www/html/ViKoLe_v1/utils/utilBase.php on line 14
[13-Jun-2019 14:15:22 Europe/Berlin] PHP Stack trace:
[13-Jun-2019 14:15:22 Europe/Berlin] PHP   1. {main}() /var/www/html/ViKoLe_v1/Frontend_Student/Videoanalyse.php:0
[13-Jun-2019 14:15:22 Europe/Berlin] PHP   2. require_once() /var/www/html/ViKoLe_v1/Frontend_Student/Videoanalyse.php:18
[13-Jun-2019 14:15:23 Europe/Berlin] PHP Warning:  require_once(/var/www/html/ViKoLe_v1/utils/constants.php): failed to open stream: No such file or directory in /var/www/html/ViKoLe_v1/utils/utilBase.php on line 14
[13-Jun-2019 14:15:23 Europe/Berlin] PHP Stack trace:
[13-Jun-2019 14:15:23 Europe/Berlin] PHP   1. {main}() /var/www/html/ViKoLe_v1/Frontend_Student/Videoanalyse.php:0
[13-Jun-2019 14:15:23 Europe/Berlin] PHP   2. require_once() /var/www/html/ViKoLe_v1/Frontend_Student/Videoanalyse.php:18
[13-Jun-2019 14:15:23 Europe/Berlin] PHP Fatal error:  require_once(): Failed opening required '/var/www/html/ViKoLe_v1/utils/constants.php' (include_path='.:/usr/share/php') in /var/www/html/ViKoLe_v1/utils/utilBase.php on line 14
[13-Jun-2019 14:15:23 Europe/Berlin] PHP Stack trace:
[13-Jun-2019 14:15:23 Europe/Berlin] PHP   1. {main}() /var/www/html/ViKoLe_v1/Frontend_Student/Videoanalyse.php:0
[13-Jun-2019 14:15:23 Europe/Berlin] PHP   2. require_once() /var/www/html/ViKoLe_v1/Frontend_Student/Videoanalyse.php:18
[13-Jun-2019 14:15:25 Europe/Berlin] PHP Warning:  require_once(/var/www/html/ViKoLe_v1/utils/constants.php): failed to open stream: No such file or directory in /var/www/html/ViKoLe_v1/utils/utilBase.php on line 14
[13-Jun-2019 14:15:25 Europe/Berlin] PHP Stack trace:
[13-Jun-2019 14:15:25 Europe/Berlin] PHP   1. {main}() /var/www/html/ViKoLe_v1/Frontend_Student/Videoanalyse.php:0
[13-Jun-2019 14:15:25 Europe/Berlin] PHP   2. require_once() /var/www/html/ViKoLe_v1/Frontend_Student/Videoanalyse.php:18
[13-Jun-2019 14:15:25 Europe/Berlin] PHP Fatal error:  require_once(): Failed opening required '/var/www/html/ViKoLe_v1/utils/constants.php' (include_path='.:/usr/share/php') in /var/www/html/ViKoLe_v1/utils/utilBase.php on line 14
[13-Jun-2019 14:15:25 Europe/Berlin] PHP Stack trace:
[13-Jun-2019 14:15:25 Europe/Berlin] PHP   1. {main}() /var/www/html/ViKoLe_v1/Frontend_Student/Videoanalyse.php:0
[13-Jun-2019 14:15:25 Europe/Berlin] PHP   2. require_once() /var/www/html/ViKoLe_v1/Frontend_Student/Videoanalyse.php:18
[13-Jun-2019 14:15:32 Europe/Berlin] PHP Warning:  require_once(/var/www/html/ViKoLe_v1/utils/constants.php): failed to open stream: No such file or directory in /var/www/html/ViKoLe_v1/utils/utilBase.php on line 14
[13-Jun-2019 14:15:32 Europe/Berlin] PHP Stack trace:
[13-Jun-2019 14:15:32 Europe/Berlin] PHP   1. {main}() /var/www/html/ViKoLe_v1/Frontend_Student/Videoanalyse.php:0
[13-Jun-2019 14:15:32 Europe/Berlin] PHP   2. require_once() /var/www/html/ViKoLe_v1/Frontend_Student/Videoanalyse.php:18
[13-Jun-2019 14:15:32 Europe/Berlin] PHP Fatal error:  require_once(): Failed opening required '/var/www/html/ViKoLe_v1/utils/constants.php' (include_path='.:/usr/share/php') in /var/www/html/ViKoLe_v1/utils/utilBase.php on line 14
[13-Jun-2019 14:15:32 Europe/Berlin] PHP Stack trace:
[13-Jun-2019 14:15:32 Europe/Berlin] PHP   1. {main}() /var/www/html/ViKoLe_v1/Frontend_Student/Videoanalyse.php:0
[13-Jun-2019 14:15:32 Europe/Berlin] PHP   2. require_once() /var/www/html/ViKoLe_v1/Frontend_Student/Videoanalyse.php:18
[13-Jun-2019 14:15:35 Europe/Berlin] PHP Warning:  require_once(/var/www/html/ViKoLe_v1/utils/constants.php): failed to open stream: No such file or directory in /var/www/html/ViKoLe_v1/utils/utilBase.php on line 14
[13-Jun-2019 14:15:35 Europe/Berlin] PHP Stack trace:
[13-Jun-2019 14:15:35 Europe/Berlin] PHP   1. {main}() /var/www/html/ViKoLe_v1/Frontend_Student/Videoanalyse.php:0
[13-Jun-2019 14:15:35 Europe/Berlin] PHP   2. require_once() /var/www/html/ViKoLe_v1/Frontend_Student/Videoanalyse.php:18
[13-Jun-2019 14:15:36 Europe/Berlin] PHP Fatal error:  require_once(): Failed opening required '/var/www/html/ViKoLe_v1/utils/constants.php' (include_path='.:/usr/share/php') in /var/www/html/ViKoLe_v1/utils/utilBase.php on line 14
[13-Jun-2019 14:15:36 Europe/Berlin] PHP Stack trace:
[13-Jun-2019 14:15:36 Europe/Berlin] PHP   1. {main}() /var/www/html/ViKoLe_v1/Frontend_Student/Videoanalyse.php:0
[13-Jun-2019 14:15:36 Europe/Berlin] PHP   2. require_once() /var/www/html/ViKoLe_v1/Frontend_Student/Videoanalyse.php:18
[13-Jun-2019 14:15:38 Europe/Berlin] PHP Warning:  require_once(/var/www/html/ViKoLe_v1/utils/constants.php): failed to open stream: No such file or directory in /var/www/html/ViKoLe_v1/utils/utilBase.php on line 14
[13-Jun-2019 14:15:38 Europe/Berlin] PHP Stack trace:
[13-Jun-2019 14:15:38 Europe/Berlin] PHP   1. {main}() /var/www/html/ViKoLe_v1/Frontend_Student/Videoanalyse.php:0
[13-Jun-2019 14:15:38 Europe/Berlin] PHP   2. require_once() /var/www/html/ViKoLe_v1/Frontend_Student/Videoanalyse.php:18
[13-Jun-2019 14:15:39 Europe/Berlin] PHP Fatal error:  require_once(): Failed opening required '/var/www/html/ViKoLe_v1/utils/constants.php' (include_path='.:/usr/share/php') in /var/www/html/ViKoLe_v1/utils/utilBase.php on line 14
[13-Jun-2019 14:15:39 Europe/Berlin] PHP Stack trace:
[13-Jun-2019 14:15:39 Europe/Berlin] PHP   1. {main}() /var/www/html/ViKoLe_v1/Frontend_Student/Videoanalyse.php:0
[13-Jun-2019 14:15:39 Europe/Berlin] PHP   2. require_once() /var/www/html/ViKoLe_v1/Frontend_Student/Videoanalyse.php:18
[13-Jun-2019 14:16:12 Europe/Berlin] PHP Warning:  require_once(/var/www/html/ViKoLe_v1/utils/constants.php): failed to open stream: No such file or directory in /var/www/html/ViKoLe_v1/utils/utilBase.php on line 14
[13-Jun-2019 14:16:12 Europe/Berlin] PHP Stack trace:
[13-Jun-2019 14:16:12 Europe/Berlin] PHP   1. {main}() /var/www/html/ViKoLe_v1/Frontend_Student/Videoanalyse.php:0
[13-Jun-2019 14:16:12 Europe/Berlin] PHP   2. require_once() /var/www/html/ViKoLe_v1/Frontend_Student/Videoanalyse.php:18
[13-Jun-2019 14:16:12 Europe/Berlin] PHP Fatal error:  require_once(): Failed opening required '/var/www/html/ViKoLe_v1/utils/constants.php' (include_path='.:/usr/share/php') in /var/www/html/ViKoLe_v1/utils/utilBase.php on line 14
[13-Jun-2019 14:16:12 Europe/Berlin] PHP Stack trace:
[13-Jun-2019 14:16:12 Europe/Berlin] PHP   1. {main}() /var/www/html/ViKoLe_v1/Frontend_Student/Videoanalyse.php:0
[13-Jun-2019 14:16:12 Europe/Berlin] PHP   2. require_once() /var/www/html/ViKoLe_v1/Frontend_Student/Videoanalyse.php:18
[13-Jun-2019 14:16:25 Europe/Berlin] PHP Warning:  require_once(/var/www/html/ViKoLe_v1/utils/constants.php): failed to open stream: No such file or directory in /var/www/html/ViKoLe_v1/utils/utilBase.php on line 14
[13-Jun-2019 14:16:25 Europe/Berlin] PHP Stack trace:
[13-Jun-2019 14:16:25 Europe/Berlin] PHP   1. {main}() /var/www/html/ViKoLe_v1/Frontend_Student/Videoanalyse.php:0
[13-Jun-2019 14:16:25 Europe/Berlin] PHP   2. require_once() /var/www/html/ViKoLe_v1/Frontend_Student/Videoanalyse.php:18
[13-Jun-2019 14:16:25 Europe/Berlin] PHP Fatal error:  require_once(): Failed opening required '/var/www/html/ViKoLe_v1/utils/constants.php' (include_path='.:/usr/share/php') in /var/www/html/ViKoLe_v1/utils/utilBase.php on line 14
[13-Jun-2019 14:16:25 Europe/Berlin] PHP Stack trace:
[13-Jun-2019 14:16:25 Europe/Berlin] PHP   1. {main}() /var/www/html/ViKoLe_v1/Frontend_Student/Videoanalyse.php:0
[13-Jun-2019 14:16:25 Europe/Berlin] PHP   2. require_once() /var/www/html/ViKoLe_v1/Frontend_Student/Videoanalyse.php:18
[13-Jun-2019 14:16:38 Europe/Berlin] PHP Warning:  require_once(/var/www/html/ViKoLe_v1/utils/constants.php): failed to open stream: No such file or directory in /var/www/html/ViKoLe_v1/utils/utilBase.php on line 14
[13-Jun-2019 14:16:38 Europe/Berlin] PHP Stack trace:
[13-Jun-2019 14:16:38 Europe/Berlin] PHP   1. {main}() /var/www/html/ViKoLe_v1/Frontend_Student/Videoanalyse.php:0
[13-Jun-2019 14:16:38 Europe/Berlin] PHP   2. require_once() /var/www/html/ViKoLe_v1/Frontend_Student/Videoanalyse.php:18
[13-Jun-2019 14:16:38 Europe/Berlin] PHP Fatal error:  require_once(): Failed opening required '/var/www/html/ViKoLe_v1/utils/constants.php' (include_path='.:/usr/share/php') in /var/www/html/ViKoLe_v1/utils/utilBase.php on line 14
[13-Jun-2019 14:16:38 Europe/Berlin] PHP Stack trace:
[13-Jun-2019 14:16:38 Europe/Berlin] PHP   1. {main}() /var/www/html/ViKoLe_v1/Frontend_Student/Videoanalyse.php:0
[13-Jun-2019 14:16:38 Europe/Berlin] PHP   2. require_once() /var/www/html/ViKoLe_v1/Frontend_Student/Videoanalyse.php:18
[13-Jun-2019 14:16:39 Europe/Berlin] PHP Warning:  require_once(/var/www/html/ViKoLe_v1/utils/constants.php): failed to open stream: No such file or directory in /var/www/html/ViKoLe_v1/utils/utilBase.php on line 14
[13-Jun-2019 14:16:39 Europe/Berlin] PHP Stack trace:
[13-Jun-2019 14:16:39 Europe/Berlin] PHP   1. {main}() /var/www/html/ViKoLe_v1/Frontend_Student/Videoanalyse.php:0
[13-Jun-2019 14:16:39 Europe/Berlin] PHP   2. require_once() /var/www/html/ViKoLe_v1/Frontend_Student/Videoanalyse.php:18
[13-Jun-2019 14:16:40 Europe/Berlin] PHP Fatal error:  require_once(): Failed opening required '/var/www/html/ViKoLe_v1/utils/constants.php' (include_path='.:/usr/share/php') in /var/www/html/ViKoLe_v1/utils/utilBase.php on line 14
[13-Jun-2019 14:16:40 Europe/Berlin] PHP Stack trace:
[13-Jun-2019 14:16:40 Europe/Berlin] PHP   1. {main}() /var/www/html/ViKoLe_v1/Frontend_Student/Videoanalyse.php:0
[13-Jun-2019 14:16:40 Europe/Berlin] PHP   2. require_once() /var/www/html/ViKoLe_v1/Frontend_Student/Videoanalyse.php:18
[13-Jun-2019 14:16:40 Europe/Berlin] PHP Warning:  require_once(/var/www/html/ViKoLe_v1/utils/constants.php): failed to open stream: No such file or directory in /var/www/html/ViKoLe_v1/utils/utilBase.php on line 14
[13-Jun-2019 14:16:40 Europe/Berlin] PHP Stack trace:
[13-Jun-2019 14:16:40 Europe/Berlin] PHP   1. {main}() /var/www/html/ViKoLe_v1/Frontend_Student/Videoanalyse.php:0
[13-Jun-2019 14:16:40 Europe/Berlin] PHP   2. require_once() /var/www/html/ViKoLe_v1/Frontend_Student/Videoanalyse.php:18
[13-Jun-2019 14:16:40 Europe/Berlin] PHP Fatal error:  require_once(): Failed opening required '/var/www/html/ViKoLe_v1/utils/constants.php' (include_path='.:/usr/share/php') in /var/www/html/ViKoLe_v1/utils/utilBase.php on line 14
[13-Jun-2019 14:16:40 Europe/Berlin] PHP Stack trace:
[13-Jun-2019 14:16:40 Europe/Berlin] PHP   1. {main}() /var/www/html/ViKoLe_v1/Frontend_Student/Videoanalyse.php:0
[13-Jun-2019 14:16:40 Europe/Berlin] PHP   2. require_once() /var/www/html/ViKoLe_v1/Frontend_Student/Videoanalyse.php:18
[13-Jun-2019 14:16:40 Europe/Berlin] PHP Warning:  require_once(/var/www/html/ViKoLe_v1/utils/constants.php): failed to open stream: No such file or directory in /var/www/html/ViKoLe_v1/utils/utilBase.php on line 14
[13-Jun-2019 14:16:40 Europe/Berlin] PHP Stack trace:
[13-Jun-2019 14:16:40 Europe/Berlin] PHP   1. {main}() /var/www/html/ViKoLe_v1/Frontend_Student/Videoanalyse.php:0
[13-Jun-2019 14:16:40 Europe/Berlin] PHP   2. require_once() /var/www/html/ViKoLe_v1/Frontend_Student/Videoanalyse.php:18
[13-Jun-2019 14:16:41 Europe/Berlin] PHP Fatal error:  require_once(): Failed opening required '/var/www/html/ViKoLe_v1/utils/constants.php' (include_path='.:/usr/share/php') in /var/www/html/ViKoLe_v1/utils/utilBase.php on line 14
[13-Jun-2019 14:16:41 Europe/Berlin] PHP Stack trace:
[13-Jun-2019 14:16:41 Europe/Berlin] PHP   1. {main}() /var/www/html/ViKoLe_v1/Frontend_Student/Videoanalyse.php:0
[13-Jun-2019 14:16:41 Europe/Berlin] PHP   2. require_once() /var/www/html/ViKoLe_v1/Frontend_Student/Videoanalyse.php:18
[13-Jun-2019 14:17:00 Europe/Berlin] PHP Warning:  require_once(/var/www/html/ViKoLe_v1/utils/constants.php): failed to open stream: No such file or directory in /var/www/html/ViKoLe_v1/utils/utilBase.php on line 14
[13-Jun-2019 14:17:00 Europe/Berlin] PHP Stack trace:
[13-Jun-2019 14:17:00 Europe/Berlin] PHP   1. {main}() /var/www/html/ViKoLe_v1/Frontend_Student/Videoanalyse.php:0
[13-Jun-2019 14:17:00 Europe/Berlin] PHP   2. require_once() /var/www/html/ViKoLe_v1/Frontend_Student/Videoanalyse.php:18
[13-Jun-2019 14:17:01 Europe/Berlin] PHP Fatal error:  require_once(): Failed opening required '/var/www/html/ViKoLe_v1/utils/constants.php' (include_path='.:/usr/share/php') in /var/www/html/ViKoLe_v1/utils/utilBase.php on line 14
[13-Jun-2019 14:17:01 Europe/Berlin] PHP Stack trace:
[13-Jun-2019 14:17:01 Europe/Berlin] PHP   1. {main}() /var/www/html/ViKoLe_v1/Frontend_Student/Videoanalyse.php:0
[13-Jun-2019 14:17:01 Europe/Berlin] PHP   2. require_once() /var/www/html/ViKoLe_v1/Frontend_Student/Videoanalyse.php:18
[13-Jun-2019 14:17:46 Europe/Berlin] PHP Warning:  require_once(/var/www/html/ViKoLe_v1/utils/constants.php): failed to open stream: No such file or directory in /var/www/html/ViKoLe_v1/utils/utilBase.php on line 14
[13-Jun-2019 14:17:46 Europe/Berlin] PHP Stack trace:
[13-Jun-2019 14:17:46 Europe/Berlin] PHP   1. {main}() /var/www/html/ViKoLe_v1/Frontend_Student/Videoanalyse.php:0
[13-Jun-2019 14:17:46 Europe/Berlin] PHP   2. require_once() /var/www/html/ViKoLe_v1/Frontend_Student/Videoanalyse.php:18
[13-Jun-2019 14:17:46 Europe/Berlin] PHP Fatal error:  require_once(): Failed opening required '/var/www/html/ViKoLe_v1/utils/constants.php' (include_path='.:/usr/share/php') in /var/www/html/ViKoLe_v1/utils/utilBase.php on line 14
[13-Jun-2019 14:17:46 Europe/Berlin] PHP Stack trace:
[13-Jun-2019 14:17:46 Europe/Berlin] PHP   1. {main}() /var/www/html/ViKoLe_v1/Frontend_Student/Videoanalyse.php:0
[13-Jun-2019 14:17:46 Europe/Berlin] PHP   2. require_once() /var/www/html/ViKoLe_v1/Frontend_Student/Videoanalyse.php:18
[13-Jun-2019 14:17:49 Europe/Berlin] PHP Warning:  require_once(/var/www/html/ViKoLe_v1/utils/constants.php): failed to open stream: No such file or directory in /var/www/html/ViKoLe_v1/utils/utilBase.php on line 14
[13-Jun-2019 14:17:49 Europe/Berlin] PHP Stack trace:
[13-Jun-2019 14:17:49 Europe/Berlin] PHP   1. {main}() /var/www/html/ViKoLe_v1/Frontend_Student/Videoanalyse.php:0
[13-Jun-2019 14:17:49 Europe/Berlin] PHP   2. require_once() /var/www/html/ViKoLe_v1/Frontend_Student/Videoanalyse.php:18
[13-Jun-2019 14:17:49 Europe/Berlin] PHP Fatal error:  require_once(): Failed opening required '/var/www/html/ViKoLe_v1/utils/constants.php' (include_path='.:/usr/share/php') in /var/www/html/ViKoLe_v1/utils/utilBase.php on line 14
[13-Jun-2019 14:17:49 Europe/Berlin] PHP Stack trace:
[13-Jun-2019 14:17:49 Europe/Berlin] PHP   1. {main}() /var/www/html/ViKoLe_v1/Frontend_Student/Videoanalyse.php:0
[13-Jun-2019 14:17:49 Europe/Berlin] PHP   2. require_once() /var/www/html/ViKoLe_v1/Frontend_Student/Videoanalyse.php:18
[13-Jun-2019 14:17:49 Europe/Berlin] PHP Warning:  require_once(/var/www/html/ViKoLe_v1/utils/constants.php): failed to open stream: No such file or directory in /var/www/html/ViKoLe_v1/utils/utilBase.php on line 14
[13-Jun-2019 14:17:49 Europe/Berlin] PHP Stack trace:
[13-Jun-2019 14:17:49 Europe/Berlin] PHP   1. {main}() /var/www/html/ViKoLe_v1/Frontend_Student/Videoanalyse.php:0
[13-Jun-2019 14:17:49 Europe/Berlin] PHP   2. require_once() /var/www/html/ViKoLe_v1/Frontend_Student/Videoanalyse.php:18
[13-Jun-2019 14:17:49 Europe/Berlin] PHP Fatal error:  require_once(): Failed opening required '/var/www/html/ViKoLe_v1/utils/constants.php' (include_path='.:/usr/share/php') in /var/www/html/ViKoLe_v1/utils/utilBase.php on line 14
[13-Jun-2019 14:17:49 Europe/Berlin] PHP Stack trace:
[13-Jun-2019 14:17:49 Europe/Berlin] PHP   1. {main}() /var/www/html/ViKoLe_v1/Frontend_Student/Videoanalyse.php:0
[13-Jun-2019 14:17:49 Europe/Berlin] PHP   2. require_once() /var/www/html/ViKoLe_v1/Frontend_Student/Videoanalyse.php:18
[13-Jun-2019 14:17:50 Europe/Berlin] PHP Warning:  require_once(/var/www/html/ViKoLe_v1/utils/constants.php): failed to open stream: No such file or directory in /var/www/html/ViKoLe_v1/utils/utilBase.php on line 14
[13-Jun-2019 14:17:50 Europe/Berlin] PHP Stack trace:
[13-Jun-2019 14:17:50 Europe/Berlin] PHP   1. {main}() /var/www/html/ViKoLe_v1/Frontend_Student/Videoanalyse.php:0
[13-Jun-2019 14:17:50 Europe/Berlin] PHP   2. require_once() /var/www/html/ViKoLe_v1/Frontend_Student/Videoanalyse.php:18
[13-Jun-2019 14:17:50 Europe/Berlin] PHP Fatal error:  require_once(): Failed opening required '/var/www/html/ViKoLe_v1/utils/constants.php' (include_path='.:/usr/share/php') in /var/www/html/ViKoLe_v1/utils/utilBase.php on line 14
[13-Jun-2019 14:17:50 Europe/Berlin] PHP Stack trace:
[13-Jun-2019 14:17:50 Europe/Berlin] PHP   1. {main}() /var/www/html/ViKoLe_v1/Frontend_Student/Videoanalyse.php:0
[13-Jun-2019 14:17:50 Europe/Berlin] PHP   2. require_once() /var/www/html/ViKoLe_v1/Frontend_Student/Videoanalyse.php:18
[13-Jun-2019 14:17:50 Europe/Berlin] PHP Warning:  require_once(/var/www/html/ViKoLe_v1/utils/constants.php): failed to open stream: No such file or directory in /var/www/html/ViKoLe_v1/utils/utilBase.php on line 14
[13-Jun-2019 14:17:50 Europe/Berlin] PHP Stack trace:
[13-Jun-2019 14:17:50 Europe/Berlin] PHP   1. {main}() /var/www/html/ViKoLe_v1/Frontend_Student/Videoanalyse.php:0
[13-Jun-2019 14:17:50 Europe/Berlin] PHP   2. require_once() /var/www/html/ViKoLe_v1/Frontend_Student/Videoanalyse.php:18
[13-Jun-2019 14:17:50 Europe/Berlin] PHP Fatal error:  require_once(): Failed opening required '/var/www/html/ViKoLe_v1/utils/constants.php' (include_path='.:/usr/share/php') in /var/www/html/ViKoLe_v1/utils/utilBase.php on line 14
[13-Jun-2019 14:17:50 Europe/Berlin] PHP Stack trace:
[13-Jun-2019 14:17:50 Europe/Berlin] PHP   1. {main}() /var/www/html/ViKoLe_v1/Frontend_Student/Videoanalyse.php:0
[13-Jun-2019 14:17:50 Europe/Berlin] PHP   2. require_once() /var/www/html/ViKoLe_v1/Frontend_Student/Videoanalyse.php:18
[13-Jun-2019 14:17:52 Europe/Berlin] PHP Warning:  require_once(/var/www/html/ViKoLe_v1/utils/constants.php): failed to open stream: No such file or directory in /var/www/html/ViKoLe_v1/utils/utilBase.php on line 14
[13-Jun-2019 14:17:52 Europe/Berlin] PHP Stack trace:
[13-Jun-2019 14:17:52 Europe/Berlin] PHP   1. {main}() /var/www/html/ViKoLe_v1/Frontend_Student/Videoanalyse.php:0
[13-Jun-2019 14:17:52 Europe/Berlin] PHP   2. require_once() /var/www/html/ViKoLe_v1/Frontend_Student/Videoanalyse.php:18
[13-Jun-2019 14:17:52 Europe/Berlin] PHP Fatal error:  require_once(): Failed opening required '/var/www/html/ViKoLe_v1/utils/constants.php' (include_path='.:/usr/share/php') in /var/www/html/ViKoLe_v1/utils/utilBase.php on line 14
[13-Jun-2019 14:17:52 Europe/Berlin] PHP Stack trace:
[13-Jun-2019 14:17:52 Europe/Berlin] PHP   1. {main}() /var/www/html/ViKoLe_v1/Frontend_Student/Videoanalyse.php:0
[13-Jun-2019 14:17:52 Europe/Berlin] PHP   2. require_once() /var/www/html/ViKoLe_v1/Frontend_Student/Videoanalyse.php:18
[13-Jun-2019 14:17:52 Europe/Berlin] PHP Warning:  require_once(/var/www/html/ViKoLe_v1/utils/constants.php): failed to open stream: No such file or directory in /var/www/html/ViKoLe_v1/utils/utilBase.php on line 14
[13-Jun-2019 14:17:52 Europe/Berlin] PHP Stack trace:
[13-Jun-2019 14:17:52 Europe/Berlin] PHP   1. {main}() /var/www/html/ViKoLe_v1/Frontend_Student/Videoanalyse.php:0
[13-Jun-2019 14:17:52 Europe/Berlin] PHP   2. require_once() /var/www/html/ViKoLe_v1/Frontend_Student/Videoanalyse.php:18
[13-Jun-2019 14:17:53 Europe/Berlin] PHP Fatal error:  require_once(): Failed opening required '/var/www/html/ViKoLe_v1/utils/constants.php' (include_path='.:/usr/share/php') in /var/www/html/ViKoLe_v1/utils/utilBase.php on line 14
[13-Jun-2019 14:17:53 Europe/Berlin] PHP Stack trace:
[13-Jun-2019 14:17:53 Europe/Berlin] PHP   1. {main}() /var/www/html/ViKoLe_v1/Frontend_Student/Videoanalyse.php:0
[13-Jun-2019 14:17:53 Europe/Berlin] PHP   2. require_once() /var/www/html/ViKoLe_v1/Frontend_Student/Videoanalyse.php:18
[13-Jun-2019 14:17:54 Europe/Berlin] PHP Warning:  require_once(/var/www/html/ViKoLe_v1/utils/constants.php): failed to open stream: No such file or directory in /var/www/html/ViKoLe_v1/utils/utilBase.php on line 14
[13-Jun-2019 14:17:54 Europe/Berlin] PHP Stack trace:
[13-Jun-2019 14:17:54 Europe/Berlin] PHP   1. {main}() /var/www/html/ViKoLe_v1/Frontend_Student/Videoanalyse.php:0
[13-Jun-2019 14:17:54 Europe/Berlin] PHP   2. require_once() /var/www/html/ViKoLe_v1/Frontend_Student/Videoanalyse.php:18
[13-Jun-2019 14:17:54 Europe/Berlin] PHP Fatal error:  require_once(): Failed opening required '/var/www/html/ViKoLe_v1/utils/constants.php' (include_path='.:/usr/share/php') in /var/www/html/ViKoLe_v1/utils/utilBase.php on line 14
[13-Jun-2019 14:17:54 Europe/Berlin] PHP Stack trace:
[13-Jun-2019 14:17:54 Europe/Berlin] PHP   1. {main}() /var/www/html/ViKoLe_v1/Frontend_Student/Videoanalyse.php:0
[13-Jun-2019 14:17:54 Europe/Berlin] PHP   2. require_once() /var/www/html/ViKoLe_v1/Frontend_Student/Videoanalyse.php:18
[13-Jun-2019 14:17:54 Europe/Berlin] PHP Warning:  require_once(/var/www/html/ViKoLe_v1/utils/constants.php): failed to open stream: No such file or directory in /var/www/html/ViKoLe_v1/utils/utilBase.php on line 14
[13-Jun-2019 14:17:54 Europe/Berlin] PHP Stack trace:
[13-Jun-2019 14:17:54 Europe/Berlin] PHP   1. {main}() /var/www/html/ViKoLe_v1/Frontend_Student/Videoanalyse.php:0
[13-Jun-2019 14:17:54 Europe/Berlin] PHP   2. require_once() /var/www/html/ViKoLe_v1/Frontend_Student/Videoanalyse.php:18
[13-Jun-2019 14:17:55 Europe/Berlin] PHP Fatal error:  require_once(): Failed opening required '/var/www/html/ViKoLe_v1/utils/constants.php' (include_path='.:/usr/share/php') in /var/www/html/ViKoLe_v1/utils/utilBase.php on line 14
[13-Jun-2019 14:17:55 Europe/Berlin] PHP Stack trace:
[13-Jun-2019 14:17:55 Europe/Berlin] PHP   1. {main}() /var/www/html/ViKoLe_v1/Frontend_Student/Videoanalyse.php:0
[13-Jun-2019 14:17:55 Europe/Berlin] PHP   2. require_once() /var/www/html/ViKoLe_v1/Frontend_Student/Videoanalyse.php:18
[13-Jun-2019 14:17:55 Europe/Berlin] PHP Warning:  require_once(/var/www/html/ViKoLe_v1/utils/constants.php): failed to open stream: No such file or directory in /var/www/html/ViKoLe_v1/utils/utilBase.php on line 14
[13-Jun-2019 14:17:55 Europe/Berlin] PHP Stack trace:
[13-Jun-2019 14:17:55 Europe/Berlin] PHP   1. {main}() /var/www/html/ViKoLe_v1/Frontend_Student/Videoanalyse.php:0
[13-Jun-2019 14:17:55 Europe/Berlin] PHP   2. require_once() /var/www/html/ViKoLe_v1/Frontend_Student/Videoanalyse.php:18
[13-Jun-2019 14:17:55 Europe/Berlin] PHP Fatal error:  require_once(): Failed opening required '/var/www/html/ViKoLe_v1/utils/constants.php' (include_path='.:/usr/share/php') in /var/www/html/ViKoLe_v1/utils/utilBase.php on line 14
[13-Jun-2019 14:17:55 Europe/Berlin] PHP Stack trace:
[13-Jun-2019 14:17:55 Europe/Berlin] PHP   1. {main}() /var/www/html/ViKoLe_v1/Frontend_Student/Videoanalyse.php:0
[13-Jun-2019 14:17:55 Europe/Berlin] PHP   2. require_once() /var/www/html/ViKoLe_v1/Frontend_Student/Videoanalyse.php:18
